<?xml version="1.0" encoding="UTF-8"?>
<testsuite xmlns:xsi="http://www.w3.org/2001/XMLSchema-instance" xsi:noNamespaceSchemaLocation="https://maven.apache.org/surefire/maven-surefire-plugin/xsd/surefire-test-report-3.0.xsd" version="3.0" name="CalculatorTest" time="0.04" tests="18" errors="0" skipped="0" failures="0">
  <properties>
[...]
</properties>
  <testcase name="testSquareRootNegative" classname="CalculatorTest" time="0.009">
    <system-out><![CDATA[Square Root Negative Test Passed
]]></system-out>
  </testcase>
  <testcase name="testPower" classname="CalculatorTest" time="0.0">
    <system-out><![CDATA[Power Test Passed
]]></system-out>
  </testcase>
  <testcase name="testAdditionNegative" classname="CalculatorTest" time="0.0">
    <system-out><![CDATA[Addition Negative Test Passed
]]></system-out>
  </testcase>
  <testcase name="testFactorial" classname="CalculatorTest" time="0.001">
    <system-out><![CDATA[Factorial Test Passed
]]></system-out>
  </testcase>
  <testcase name="testMultiplication" classname="CalculatorTest" time="0.0">
    <system-out><![CDATA[Multiplication Test Passed
]]></system-out>
  </testcase>
  <testcase name="testAddition" classname="CalculatorTest" time="0.0">
    <system-out><![CDATA[Addition Test Passed
]]></system-out>
  </testcase>
  <testcase name="testPowerWithZeroExponent" classname="CalculatorTest" time="0.0">
    <system-out><![CDATA[Power With Zero Exponent Test Passed
]]></system-out>
  </testcase>
  <testcase name="testPowerNegative" classname="CalculatorTest" time="0.0">
    <system-out><![CDATA[Power Negative Test Passed
]]></system-out>
  </testcase>
  <testcase name="testNaturalLog" classname="CalculatorTest" time="0.0">
    <system-out><![CDATA[Natural Log Test Passed
]]></system-out>
  </testcase>
  <testcase name="testMultiplicationNegative" classname="CalculatorTest" time="0.0">
    <system-out><![CDATA[Multiplication Negative Test Passed
]]></system-out>
  </testcase>
  <testcase name="testDivisionNegative" classname="CalculatorTest" time="0.0">
    <system-out><![CDATA[Division Negative Test Passed
]]></system-out>
  </testcase>
  <testcase name="testNaturalLogNegative" classname="CalculatorTest" time="0.0">
    <system-out><![CDATA[Natural Log Negative Test Passed
]]></system-out>
  </testcase>
  <testcase name="testSubtractionNegative" classname="CalculatorTest" time="0.001">
    <system-out><![CDATA[Subtraction Negative Test Passed
]]></system-out>
  </testcase>
  <testcase name="testDivision" classname="CalculatorTest" time="0.0">
    <system-out><![CDATA[Division Test Passed
]]></system-out>
  </testcase>
  <testcase name="testSquareRoot" classname="CalculatorTest" time="0.0">
    <system-out><![CDATA[Square Root Test Passed
]]></system-out>
  </testcase>
  <testcase name="testFactorialNegative" classname="CalculatorTest" time="0.0">
    <system-out><![CDATA[Factorial Negative Test Passed
]]></system-out>
  </testcase>
  <testcase name="testSubtraction" classname="CalculatorTest" time="0.0">
    <system-out><![CDATA[Subtraction Test Passed
]]></system-out>
  </testcase>
  <testcase name="testNaturalLogOfNonPositiveNumber" classname="CalculatorTest" time="0.0">
    <system-out><![CDATA[Cannot calculate natural log of a non-positive number. Returning 0.0
Natural Log of Non-Positive Number Test Passed
]]></system-out>
  </testcase>
</testsuite>